[2025-04-11 16:58:03,401] 1025 httpx - INFO - HTTP Request: GET https://dagshub.com/api/v1/user "HTTP/1.1 200 OK"
[2025-04-11 16:58:03,415] 107 dagshub - INFO - Accessing as gaur8126
[2025-04-11 16:58:03,924] 1025 httpx - INFO - HTTP Request: GET https://dagshub.com/api/v1/repos/gaur8126/networksecurity "HTTP/1.1 200 OK"
[2025-04-11 16:58:04,470] 1025 httpx - INFO - HTTP Request: GET https://dagshub.com/api/v1/user "HTTP/1.1 200 OK"
[2025-04-11 16:58:04,473] 107 dagshub - INFO - Initialized MLflow to track repo "gaur8126/networksecurity"
[2025-04-11 16:58:04,475] 107 dagshub - INFO - Repository gaur8126/networksecurity initialized!
[2025-04-11 16:58:04,475] 17 root - INFO - Initiate the data ingestion
[2025-04-11 16:58:11,562] 65 root - INFO - Performed train test split on the dataframe
[2025-04-11 16:58:11,562] 67 root - INFO - Exited split_data_as_train_test method of Data_Ingestion class 
[2025-04-11 16:58:11,563] 74 root - INFO - Exporting train and test file path
[2025-04-11 16:58:11,691] 83 root - INFO - Exported train and test file path.
[2025-04-11 16:58:11,691] 19 root - INFO - Data Ingestion completed
[2025-04-11 16:58:11,703] 25 root - INFO - Initiate the data validation
[2025-04-11 16:58:11,824] 34 root - INFO - Required number of columns: 2
[2025-04-11 16:58:11,824] 35 root - INFO - Data frame as columns: 31
[2025-04-11 16:58:11,824] 34 root - INFO - Required number of columns: 2
[2025-04-11 16:58:11,824] 35 root - INFO - Data frame as columns: 31
[2025-04-11 16:58:12,011] 27 root - INFO - Data Validation completed
[2025-04-11 16:58:12,011] 33 root - INFO - Data Transformation started
[2025-04-11 16:58:12,011] 63 root - INFO - Entered initiate_data_transformation method of DataTransformation class
[2025-04-11 16:58:12,011] 66 root - INFO - Starting data transformation
[2025-04-11 16:58:12,039] 47 root - INFO - Entered get_data_trandsfoemation_object method of Transformation class
[2025-04-11 16:58:12,040] 53 root - INFO - Initialise KNNImputer with {'missing_values': nan, 'n_neighbors': 3, 'weights': 'uniform'}
[2025-04-11 16:58:12,053] 48 root - INFO - Entered the save_object method of Main utils class
[2025-04-11 16:58:12,056] 52 root - INFO - Exited the save_object method of MainUtils class
[2025-04-11 16:58:12,056] 48 root - INFO - Entered the save_object method of Main utils class
[2025-04-11 16:58:12,058] 52 root - INFO - Exited the save_object method of MainUtils class
[2025-04-11 16:58:12,059] 35 root - INFO - Data Transformation completed
[2025-04-11 16:58:12,060] 39 root - INFO - Model training started
[2025-04-11 16:58:12,077] 142 root - INFO - y_train [0. 1.]
[2025-04-11 16:58:12,077] 143 root - INFO - y_train [0. 1.]
[2025-04-11 16:58:17,917] 101 root - INFO - trained accuracy 0.9905020352781547
[2025-04-11 16:58:17,918] 103 root - INFO - test accuracy 0.9678878335594754
[2025-04-11 16:58:18,074] 101 root - INFO - trained accuracy 0.9906151062867481
[2025-04-11 16:58:18,075] 103 root - INFO - test accuracy 0.9606512890094979
[2025-04-11 17:01:41,354] 101 root - INFO - trained accuracy 0.9686793306196291
[2025-04-11 17:01:41,354] 103 root - INFO - test accuracy 0.9574853007688828
[2025-04-11 17:01:41,558] 101 root - INFO - trained accuracy 0.9310266847580281
[2025-04-11 17:01:41,558] 103 root - INFO - test accuracy 0.9199457259158752
[2025-04-11 17:02:15,315] 101 root - INFO - trained accuracy 0.9253731343283582
[2025-04-11 17:02:15,315] 103 root - INFO - test accuracy 0.919041157847128
[2025-04-11 17:02:15,315] 106 root - INFO - Report : {'Random Forest': 0.9678878335594754, 'Decision Tree': 0.9606512890094979, 'Gradient Boosting': 0.9574853007688828, 'LogisticsRegression': 0.9199457259158752, 'AdaBoost': 0.919041157847128}
[2025-04-11 17:02:15,315] 87 root - INFO - Best model score : 0.9678878335594754
[2025-04-11 17:02:15,315] 94 root - INFO - Best model name Random Forest
[2025-04-11 17:03:19,300] 48 root - INFO - Entered the save_object method of Main utils class
[2025-04-11 17:03:19,300] 52 root - INFO - Exited the save_object method of MainUtils class
[2025-04-11 17:03:19,301] 48 root - INFO - Entered the save_object method of Main utils class
[2025-04-11 17:03:19,312] 52 root - INFO - Exited the save_object method of MainUtils class
[2025-04-11 17:03:19,312] 119 root - INFO - Model Trainer Artifact : ModelTrainerArtifact(trained_model_file_path='Artifacts\\04_11_2025_16_57_58\\model_trainer\\trained_model\\model.pkl', train_metric_artifact=ClassificationMetricArtifact(f1_score=0.9914979757085021, precision_score=0.990095007074995, recall_score=0.9929049260085141), test_metric_artifact=ClassificationMetricArtifact(f1_score=0.9712899312575819, precision_score=0.9615692554043235, recall_score=0.9812091503267973))
[2025-04-11 17:03:19,314] 43 root - INFO - Model Trainig completed
